<?xml version="1.0" encoding="UTF-8"?>
<testsuite xmlns:xsi="http://www.w3.org/2001/XMLSchema-instance" xsi:noNamespaceSchemaLocation="https://maven.apache.org/surefire/maven-surefire-plugin/xsd/surefire-test-report-3.0.xsd" version="3.0" name="ProjetoTesteService.HotelServiceTest" time="0.216" tests="1" errors="0" skipped="0" failures="0">
  <properties>
    <property name="java.specification.version" value="18"/>
    <property name="sun.cpu.isalist" value="amd64"/>
    <property name="sun.jnu.encoding" value="Cp1252"/>
    <property name="java.class.path" value="C:\Users\Nicholas\Documents\GitHub\bagdonicao\Back End\ExemploMaven\target\test-classes;C:\Users\Nicholas\Documents\GitHub\bagdonicao\Back End\ExemploMaven\target\classes;C:\Users\Nicholas\.m2\repository\org\junit\jupiter\junit-jupiter-api\5.8.1\junit-jupiter-api-5.8.1.jar;C:\Users\Nicholas\.m2\repository\org\opentest4j\opentest4j\1.2.0\opentest4j-1.2.0.jar;C:\Users\Nicholas\.m2\repository\org\junit\platform\junit-platform-commons\1.8.1\junit-platform-commons-1.8.1.jar;C:\Users\Nicholas\.m2\repository\org\apiguardian\apiguardian-api\1.1.2\apiguardian-api-1.1.2.jar;C:\Users\Nicholas\.m2\repository\com\h2database\h2\1.4.200\h2-1.4.200.jar;C:\Users\Nicholas\.m2\repository\log4j\log4j\1.2.17\log4j-1.2.17.jar;"/>
    <property name="java.vm.vendor" value="Oracle Corporation"/>
    <property name="sun.arch.data.model" value="64"/>
    <property name="user.variant" value=""/>
    <property name="java.vendor.url" value="https://java.oracle.com/"/>
    <property name="user.timezone" value="America/Sao_Paulo"/>
    <property name="os.name" value="Windows 10"/>
    <property name="java.vm.specification.version" value="18"/>
    <property name="sun.java.launcher" value="SUN_STANDARD"/>
    <property name="user.country" value="BR"/>
    <property name="sun.boot.library.path" value="C:\Program Files\Java\jdk-18.0.1.1\bin"/>
    <property name="sun.java.command" value="C:\Users\Nicholas\AppData\Local\Temp\surefire17040300333556100652\surefirebooter-20220818201931820_3.jar C:\Users\Nicholas\AppData\Local\Temp\surefire17040300333556100652 2022-08-18T20-19-31_544-jvmRun1 surefire-20220818201931820_1tmp surefire_0-20220818201931820_2tmp"/>
    <property name="jdk.debug" value="release"/>
    <property name="surefire.test.class.path" value="C:\Users\Nicholas\Documents\GitHub\bagdonicao\Back End\ExemploMaven\target\test-classes;C:\Users\Nicholas\Documents\GitHub\bagdonicao\Back End\ExemploMaven\target\classes;C:\Users\Nicholas\.m2\repository\org\junit\jupiter\junit-jupiter-api\5.8.1\junit-jupiter-api-5.8.1.jar;C:\Users\Nicholas\.m2\repository\org\opentest4j\opentest4j\1.2.0\opentest4j-1.2.0.jar;C:\Users\Nicholas\.m2\repository\org\junit\platform\junit-platform-commons\1.8.1\junit-platform-commons-1.8.1.jar;C:\Users\Nicholas\.m2\repository\org\apiguardian\apiguardian-api\1.1.2\apiguardian-api-1.1.2.jar;C:\Users\Nicholas\.m2\repository\com\h2database\h2\1.4.200\h2-1.4.200.jar;C:\Users\Nicholas\.m2\repository\log4j\log4j\1.2.17\log4j-1.2.17.jar;"/>
    <property name="sun.cpu.endian" value="little"/>
    <property name="user.home" value="C:\Users\Nicholas"/>
    <property name="user.language" value="pt"/>
    <property name="java.specification.vendor" value="Oracle Corporation"/>
    <property name="java.version.date" value="2022-04-22"/>
    <property name="java.home" value="C:\Program Files\Java\jdk-18.0.1.1"/>
    <property name="file.separator" value="\"/>
    <property name="basedir" value="C:\Users\Nicholas\Documents\GitHub\bagdonicao\Back End\ExemploMaven"/>
    <property name="java.vm.compressedOopsMode" value="Zero based"/>
    <property name="line.separator" value="&#10;"/>
    <property name="java.vm.specification.vendor" value="Oracle Corporation"/>
    <property name="java.specification.name" value="Java Platform API Specification"/>
    <property name="surefire.real.class.path" value="C:\Users\Nicholas\AppData\Local\Temp\surefire17040300333556100652\surefirebooter-20220818201931820_3.jar"/>
    <property name="user.script" value=""/>
    <property name="sun.management.compiler" value="HotSpot 64-Bit Tiered Compilers"/>
    <property name="java.runtime.version" value="18.0.1.1+2-6"/>
    <property name="user.name" value="Nicholas"/>
    <property name="path.separator" value=";"/>
    <property name="os.version" value="10.0"/>
    <property name="java.runtime.name" value="Java(TM) SE Runtime Environment"/>
    <property name="file.encoding" value="UTF-8"/>
    <property name="java.vm.name" value="Java HotSpot(TM) 64-Bit Server VM"/>
    <property name="localRepository" value="C:\Users\Nicholas\.m2\repository"/>
    <property name="java.vendor.url.bug" value="https://bugreport.java.com/bugreport/"/>
    <property name="java.io.tmpdir" value="C:\Users\Nicholas\AppData\Local\Temp\"/>
    <property name="idea.version" value="2022.1.1"/>
    <property name="java.version" value="18.0.1.1"/>
    <property name="user.dir" value="C:\Users\Nicholas\Documents\GitHub\bagdonicao\Back End\ExemploMaven"/>
    <property name="os.arch" value="amd64"/>
    <property name="java.vm.specification.name" value="Java Virtual Machine Specification"/>
    <property name="sun.os.patch.level" value=""/>
    <property name="native.encoding" value="Cp1252"/>
    <property name="java.library.path" value="C:\Program Files\Java\jdk-18.0.1.1\bin;C:\WINDOWS\Sun\Java\bin;C:\WINDOWS\system32;C:\WINDOWS;C:\Program Files\Common Files\Oracle\Java\javapath;C:\Windows\system32;C:\Windows;C:\Windows\System32\Wbem;C:\Windows\System32\WindowsPowerShell\v1.0\;C:\Windows\System32\OpenSSH\;C:\Program Files (x86)\NVIDIA Corporation\PhysX\Common;C:\Program Files (x86)\Intel\Intel(R) Management Engine Components\DAL;C:\Program Files\Intel\Intel(R) Management Engine Components\DAL;C:\WINDOWS\system32;C:\WINDOWS;C:\WINDOWS\System32\Wbem;C:\WINDOWS\System32\WindowsPowerShell\v1.0\;C:\WINDOWS\System32\OpenSSH\;C:\Program Files\dotnet\;C:\Program Files\Microsoft SQL Server\130\Tools\Binn\;C:\Program Files\Microsoft SQL Server\Client SDK\ODBC\170\Tools\Binn\;C:\Program Files\nodejs\;C:\Program Files\Git\cmd;C:\HashiCorp\Vagrant\bin;C:\Program Files\PuTTY\;C:\Program Files\Docker\Docker\resources\bin;C:\ProgramData\DockerDesktop\version-bin;C:\Users\Nicholas\AppData\Local\Programs\Python\Python310;C:\Users\Nicholas\AppData\Local\Programs\Python\Python310\Scripts;C:\Users\Nicholas\AppData\Local\Programs\Python\Python310\Scripts\;C:\Users\Nicholas\AppData\Local\Programs\Python\Python310\;C:\Program Files\MySQL\MySQL Shell 8.0\bin\;C:\Users\Nicholas\AppData\Local\Microsoft\WindowsApps;C:\Users\Nicholas\.dotnet\tools;C:\Users\Nicholas\AppData\Local\Programs\Microsoft VS Code\bin;C:\Users\Nicholas\AppData\Roaming\npm;C:\Users\Nicholas\AppData\Local\GitHubDesktop\bin;."/>
    <property name="java.vm.info" value="mixed mode, sharing"/>
    <property name="java.vendor" value="Oracle Corporation"/>
    <property name="java.vm.version" value="18.0.1.1+2-6"/>
    <property name="sun.io.unicode.encoding" value="UnicodeLittle"/>
    <property name="java.class.version" value="62.0"/>
  </properties>
  <testcase name="salvarHotel" classname="ProjetoTesteService.HotelServiceTest" time="0.205">
    <system-err><![CDATA[ago. 18, 2022 8:19:32 PM ProjetoTesteMaven.dao.impl.HotelDAOH2 salvar
INFO: Registrando um novo hotel: Hotel{id=null, nome='Hotel Monte Verde', rua='Rua das Palmeiras', numero='1980', cidade='Curitiba', estado='PR', e5estrelas=false}
ago. 18, 2022 8:19:32 PM ProjetoTesteMaven.dao.impl.HotelDAOH2 salvar
INFO: Registrando um novo hotel: Hotel{id=null, nome='Hotel Monte Negro', rua='Rua dos Papagaios', numero='4857', cidade='Uberlandia', estado='MG', e5estrelas=true}
ago. 18, 2022 8:19:32 PM ProjetoTesteMaven.dao.impl.HotelDAOH2 salvar
INFO: Registrando um novo hotel: Hotel{id=null, nome='Hotel Palm Springs', rua='Rua Clemente Bastos', numero='657', cidade='Itapira', estado='SP', e5estrelas=true}
ago. 18, 2022 8:19:32 PM ProjetoTesteMaven.dao.impl.HotelDAOH2 salvar
INFO: Registrando um novo hotel: Hotel{id=null, nome='Hotel Pop Century', rua='Avenida Epitacio Pessoa', numero='865', cidade='Santos', estado='SP', e5estrelas=false}
ago. 18, 2022 8:19:32 PM ProjetoTesteMaven.dao.impl.HotelDAOH2 salvar
INFO: Registrando um novo hotel: Hotel{id=null, nome='Hotel Rosa dos Ventos', rua='Avenida Osvaldo Aranha', numero='800', cidade='Porto Alegre', estado='RS', e5estrelas=true}
]]></system-err>
  </testcase>
</testsuite>